2021-02-13 13:05:39 info: 🚀 App listening on the port 3000
2021-02-13 13:07:04 info: 🚀 App listening on the port 3000
2021-02-13 13:08:25 info: [0mGET /api-docs [36m301[0m 12.703 ms - 183[0m
2021-02-13 13:08:25 info: [0mGET /api-docs/ [32m200[0m 8.297 ms - -[0m
2021-02-13 13:08:25 info: [0mGET /api-docs/swagger-ui-init.js [32m200[0m 1.047 ms - -[0m
2021-02-13 13:08:25 info: [0mGET /api-docs/swagger-ui.css [32m200[0m 8.319 ms - -[0m
2021-02-13 13:08:25 info: [0mGET /api-docs/swagger-ui-standalone-preset.js [32m200[0m 10.759 ms - -[0m
2021-02-13 13:08:25 info: [0mGET /api-docs/swagger-ui-bundle.js [32m200[0m 10.527 ms - -[0m
2021-02-13 13:08:25 info: [0mGET /api-docs/favicon-32x32.png [32m200[0m 3.593 ms - 628[0m
2021-02-13 13:08:36 info: [0mGET /users [32m200[0m 1.906 ms - 460[0m
2021-02-13 13:08:57 error: StatusCode : 400, Message : email must be an email
2021-02-13 13:08:57 info: [0mPOST /users [33m400[0m 39.951 ms - 36[0m
2021-02-13 13:09:16 info: [0mPOST /users [32m201[0m 76.158 ms - 136[0m
2021-02-13 13:09:26 info: [0mGET /users [32m200[0m 1.359 ms - 460[0m
2021-02-13 13:09:31 info: [0mGET /users [36m304[0m 0.910 ms - -[0m
2021-02-13 13:09:59 info: [0mPOST /users [32m201[0m 73.870 ms - 136[0m
2021-02-13 13:10:09 info: [0mGET /users [32m200[0m 1.461 ms - 460[0m
2021-02-13 13:10:22 error: StatusCode : 409, Message : You're not user
2021-02-13 13:10:22 info: [0mGET /users/5 [33m409[0m 6.999 ms - 29[0m
2021-02-13 13:10:27 info: [0mGET /users/1 [32m200[0m 1.074 ms - 135[0m
2021-02-13 13:12:12 info: [0mGET /api-docs/ [36m304[0m 1.319 ms - -[0m
2021-02-13 13:12:12 info: [0mGET /api-docs/swagger-ui.css [36m304[0m 1.924 ms - -[0m
2021-02-13 13:12:12 info: [0mGET /api-docs/swagger-ui-bundle.js [36m304[0m 2.860 ms - -[0m
2021-02-13 13:12:12 info: [0mGET /api-docs/swagger-ui-init.js [36m304[0m 1.673 ms - -[0m
2021-02-13 13:12:12 info: [0mGET /api-docs/swagger-ui-standalone-preset.js [36m304[0m 8.120 ms - -[0m
2021-02-13 13:12:13 info: [0mGET /api-docs/favicon-32x32.png [32m200[0m 3.558 ms - 628[0m
2021-02-13 13:12:17 info: [0mGET / [36m304[0m 0.924 ms - -[0m
2021-02-13 13:13:19 info: 🚀 App listening on the port 3000
2021-02-13 13:13:19 info: [0mGET / [36m304[0m 16.918 ms - -[0m
2021-02-13 13:13:19 info: [0mGET /favicon.ico [33m404[0m 4.375 ms - 150[0m
2021-02-13 13:13:35 info: [0mGET / [36m304[0m 0.938 ms - -[0m
2021-02-13 13:13:40 info: [0mGET / [36m304[0m 0.980 ms - -[0m
2021-02-13 13:13:40 info: [0mGET / [36m304[0m 0.818 ms - -[0m
2021-02-13 13:13:40 info: [0mGET / [36m304[0m 0.683 ms - -[0m
2021-02-13 13:13:46 info: [0mGET / [36m304[0m 0.744 ms - -[0m
2021-02-13 13:13:46 info: [0mGET / [36m304[0m 0.544 ms - -[0m
2021-02-13 13:13:46 info: [0mGET / [36m304[0m 0.700 ms - -[0m
2021-02-13 13:13:47 info: [0mGET / [36m304[0m 0.660 ms - -[0m
2021-02-13 13:13:47 info: [0mGET / [36m304[0m 0.640 ms - -[0m
2021-02-13 13:13:47 info: [0mGET / [36m304[0m 0.686 ms - -[0m
2021-02-13 16:14:05 info: 🚀 App listening on the port 3000
2021-02-13 16:14:05 info: [0mGET / [36m304[0m 3.565 ms - -[0m
2021-02-13 16:14:06 info: [0mGET / [36m304[0m 0.804 ms - -[0m
2021-02-13 16:14:06 info: [0mGET / [36m304[0m 0.612 ms - -[0m
2021-02-13 16:14:09 info: [0mGET / [36m304[0m 0.510 ms - -[0m
2021-02-13 16:15:09 info: 🚀 App listening on the port 3000
2021-02-13 16:15:10 info: [0mGET / [32m200[0m 4.919 ms - 12[0m
2021-02-13 16:15:19 info: 🚀 App listening on the port 3000
2021-02-13 16:15:52 info: [0mGET / [32m200[0m 4.771 ms - 2[0m
2021-02-13 16:16:30 info: 🚀 App listening on the port 5000
2021-02-13 16:16:37 info: [0mGET / [32m200[0m 4.148 ms - 2[0m
2021-02-13 16:16:37 info: [0mGET /favicon.ico [33m404[0m 1.807 ms - 150[0m
2021-02-13 16:16:38 info: [0mGET / [36m304[0m 0.865 ms - -[0m
2021-02-13 16:16:38 info: [0mGET / [36m304[0m 0.625 ms - -[0m
2021-02-13 16:16:58 info: [0mGET / [36m304[0m 0.729 ms - -[0m
2021-02-13 16:17:00 info: [0mGET / [36m304[0m 0.661 ms - -[0m
