2021-02-15 11:28:16 info: 🚀 App listening on the port 5000
2021-02-15 11:28:19 info: [0mGET /search?type=%27user%27&search=%27eelmogy%27 [32m200[0m 2.916 ms - -[0m
2021-02-15 11:29:26 info: 🚀 App listening on the port 5000
2021-02-15 11:29:37 info: 🚀 App listening on the port 5000
2021-02-15 11:29:38 info: [0mGET /search?type=%27user%27&search=%27eelmogy%27 [32m200[0m 3.086 ms - -[0m
2021-02-15 11:29:42 info: [0mGET /search?type=%27user%27&search=%27eelmogy%27 [32m200[0m 0.534 ms - -[0m
2021-02-15 11:29:53 info: 🚀 App listening on the port 5000
2021-02-15 11:30:16 info: 🚀 App listening on the port 5000
2021-02-15 11:30:18 info: [0mGET /search?type=%27user%27&search=%27eelmogy%27 [32m200[0m 3.106 ms - -[0m
2021-02-15 11:30:19 info: [0mGET /search?type=%27user%27&search=%27eelmogy%27 [32m200[0m 0.648 ms - -[0m
2021-02-15 11:31:40 info: 🚀 App listening on the port 5000
2021-02-15 11:31:41 info: [0mGET /search?type=%27user%27&search=%27eelmogy%27 [32m200[0m 3.236 ms - -[0m
2021-02-15 11:31:42 info: [0mGET /search?type=%27user%27&search=%27eelmogy%27 [32m200[0m 0.555 ms - -[0m
2021-02-15 11:32:06 info: 🚀 App listening on the port 5000
2021-02-15 11:32:10 info: 🚀 App listening on the port 5000
2021-02-15 11:32:17 info: [0mGET /search?type=%27repo%27&search=%27eelmogy%27 [32m200[0m 3.816 ms - -[0m
2021-02-15 11:32:19 info: [0mGET /search?type=%27repo%27&search=%27eelmogy%27 [32m200[0m 0.619 ms - -[0m
2021-02-15 11:33:57 info: 🚀 App listening on the port 5000
2021-02-15 11:37:12 info: [0mGET /search?type=%27repo%27&search=%27eelmogy%27 [32m200[0m 3.302 ms - -[0m
2021-02-15 11:37:19 info: 🚀 App listening on the port 5000
2021-02-15 11:37:35 info: [0mGET /search?type=%27repo%27&search=%27user-hobbies%27 [32m200[0m 3.256 ms - -[0m
2021-02-15 11:38:10 info: 🚀 App listening on the port 5000
2021-02-15 11:38:13 info: [0mGET /search?type=%27repo%27&search=%27user-hobbies%27 [32m200[0m 3.179 ms - -[0m
2021-02-15 11:38:38 info: 🚀 App listening on the port 5000
2021-02-15 11:38:40 info: [0mGET /search?type=%27repo%27&search=%27user-hobbies%27 [32m200[0m 4.084 ms - -[0m
2021-02-15 11:39:18 info: 🚀 App listening on the port 5000
2021-02-15 11:39:20 info: [0mGET /search?type=%27repo%27&search=%27user-hobbies%27 [32m200[0m 4.781 ms - -[0m
2021-02-15 11:39:37 info: 🚀 App listening on the port 5000
2021-02-15 11:39:39 info: [0mGET /search?type=%27repo%27&search=%27user-hobbies%27 [32m200[0m 5.078 ms - -[0m
2021-02-15 11:40:21 info: 🚀 App listening on the port 5000
2021-02-15 11:40:24 info: 🚀 App listening on the port 5000
2021-02-15 11:40:25 info: [0mGET /search?type=%27repo%27&search=%27user-hobbies%27 [32m200[0m 5.270 ms - -[0m
2021-02-15 11:40:38 info: [0mGET /search?type=repo&search=%27user-hobbies%27 [32m200[0m 1825.906 ms - -[0m
2021-02-15 11:41:09 info: [0mGET /search?type=user&search=%27eelmogy%27 [32m200[0m 762.593 ms - 2[0m
2021-02-15 11:41:23 info: 🚀 App listening on the port 5000
2021-02-15 11:41:25 info: [0mGET /search?type=user&search=%27eelmogy%27 [32m200[0m 743.915 ms - 55[0m
2021-02-15 11:43:51 info: 🚀 App listening on the port 5000
2021-02-15 11:43:52 info: [0mGET /search?type=user&search=%27eelmogy%27 [32m200[0m 778.936 ms - 55[0m
2021-02-15 11:53:24 info: 🚀 App listening on the port 5000
2021-02-15 11:53:28 error: StatusCode : 401, Message : Bad credentials
2021-02-15 11:53:28 info: [0mGET /search?type=user&search=%27eelmogy%27 [33m401[0m 712.195 ms - 29[0m
2021-02-15 11:53:30 error: StatusCode : 401, Message : Bad credentials
2021-02-15 11:53:30 info: [0mGET /search?type=user&search=%27eelmogy%27 [33m401[0m 761.358 ms - 29[0m
2021-02-15 11:56:11 info: 🚀 App listening on the port 5000
2021-02-15 11:56:13 info: [0mGET /search?type=user&search=%27eelmogy%27 [32m200[0m 773.962 ms - 55[0m
2021-02-15 11:56:26 info: [0mGET /search?type=user&search=eelmogy [32m200[0m 827.952 ms - 960[0m
2021-02-15 11:56:55 info: [0mGET /search?type=user&search=emad [32m200[0m 779.381 ms - -[0m
2021-02-15 11:57:05 info: 🚀 App listening on the port 5000
2021-02-15 11:57:20 info: 🚀 App listening on the port 5000
2021-02-15 11:57:21 error: StatusCode : 500, Message : Cannot read property 'isCatched' of undefined
2021-02-15 11:57:22 info: [0mGET /search?type=user&search=emad [31m500[0m 5.332 ms - 59[0m
2021-02-15 12:00:48 error: StatusCode : 500, Message : Cannot read property 'isCatched' of undefined
2021-02-15 12:00:48 info: [0mGET /search?type=user&search=emad [31m500[0m 2.011 ms - 59[0m
2021-02-15 12:10:40 info: 🚀 App listening on the port 5000
2021-02-15 12:28:26 info: 🚀 App listening on the port 5000
2021-02-15 12:28:33 info: [0mGET /search?type=user&search=emad [32m200[0m 1175.917 ms - -[0m
2021-02-15 12:29:44 info: 🚀 App listening on the port 5000
2021-02-15 12:29:48 info: [0mGET /search?type=user&search=emad [32m200[0m 854.014 ms - -[0m
2021-02-15 12:30:01 info: [0mGET /search?type=user&search=emad [32m200[0m 1017.523 ms - -[0m
2021-02-15 12:30:20 info: 🚀 App listening on the port 5000
2021-02-15 12:30:22 info: [0mGET /search?type=user&search=emad [32m200[0m 787.543 ms - -[0m
2021-02-15 12:30:27 info: [0mGET /search?type=user&search=emad [32m200[0m 832.733 ms - -[0m
2021-02-15 12:30:31 info: [0mGET /search?type=user&search=emad [32m200[0m 990.518 ms - -[0m
2021-02-15 12:30:49 info: 🚀 App listening on the port 5000
2021-02-15 12:30:51 info: [0mGET /search?type=user&search=emad [32m200[0m 780.305 ms - -[0m
2021-02-15 12:31:20 info: 🚀 App listening on the port 5000
2021-02-15 12:31:30 info: 🚀 App listening on the port 5000
2021-02-15 12:31:41 info: 🚀 App listening on the port 5000
2021-02-15 12:31:43 info: [0mGET /search?type=user&search=emad [32m200[0m 838.486 ms - -[0m
2021-02-15 13:25:43 info: 🚀 App listening on the port 5000
2021-02-15 13:25:46 info: [0mGET /search?type=user&search=emad [32m200[0m 844.461 ms - -[0m
2021-02-15 13:27:19 info: 🚀 App listening on the port 5000
2021-02-15 13:27:22 info: [0mGET /search?type=user&search=emad [32m200[0m 1124.133 ms - -[0m
2021-02-15 13:27:48 info: [0mGET /search?type=user&search=emad [32m200[0m 855.024 ms - -[0m
2021-02-15 13:28:06 info: 🚀 App listening on the port 5000
2021-02-15 13:28:08 error: StatusCode : 500, Message : Cannot read property 'isCatched' of undefined
2021-02-15 13:28:08 info: [0mGET /search?type=user&search=emad [31m500[0m 4.984 ms - 59[0m
2021-02-15 13:28:25 info: 🚀 App listening on the port 5000
2021-02-15 13:28:29 info: 🚀 App listening on the port 5000
2021-02-15 13:28:31 info: [0mGET /search?type=user&search=emad [32m200[0m 835.997 ms - -[0m
2021-02-15 13:29:34 info: 🚀 App listening on the port 5000
2021-02-15 13:29:45 info: 🚀 App listening on the port 5000
2021-02-15 13:29:53 info: 🚀 App listening on the port 5000
2021-02-15 13:29:59 info: 🚀 App listening on the port 5000
2021-02-15 13:30:13 info: 🚀 App listening on the port 5000
2021-02-15 13:30:16 info: [0mGET /search?type=user&search=emad [32m200[0m 1397.828 ms - -[0m
2021-02-15 13:30:44 info: 🚀 App listening on the port 5000
2021-02-15 13:30:46 info: [0mGET /search?type=user&search=emad [32m200[0m 947.054 ms - -[0m
2021-02-15 13:31:29 info: 🚀 App listening on the port 5000
2021-02-15 13:31:32 info: 🚀 App listening on the port 5000
2021-02-15 13:31:36 info: 🚀 App listening on the port 5000
2021-02-15 13:31:37 info: 🚀 App listening on the port 5000
2021-02-15 13:31:40 info: [0mGET /search?type=user&search=emad [32m200[0m 1223.104 ms - -[0m
2021-02-15 13:31:46 info: [0mGET /search?type=user&search=emad [32m200[0m 1110.380 ms - -[0m
2021-02-15 13:34:25 info: 🚀 App listening on the port 5000
2021-02-15 13:34:34 info: 🚀 App listening on the port 5000
2021-02-15 13:34:40 info: [0mGET /search?type=user&search=emad [32m200[0m 905.127 ms - -[0m
2021-02-15 13:34:45 info: [0mGET /search?type=user&search=emad [32m200[0m 807.393 ms - -[0m
2021-02-15 13:34:49 info: [0mGET /search?type=user&search=emad [32m200[0m 735.244 ms - -[0m
2021-02-15 13:35:28 info: 🚀 App listening on the port 5000
2021-02-15 13:36:14 info: 🚀 App listening on the port 5000
2021-02-15 13:36:26 info: 🚀 App listening on the port 5000
2021-02-15 13:36:28 info: 🚀 App listening on the port 5000
2021-02-15 13:36:31 info: 🚀 App listening on the port 5000
2021-02-15 13:36:33 info: [0mGET /search?type=user&search=emad [32m200[0m 860.042 ms - -[0m
2021-02-15 13:36:48 info: [0mGET /search?type=user&search=emad [32m200[0m 787.044 ms - -[0m
2021-02-15 13:37:02 info: 🚀 App listening on the port 5000
2021-02-15 13:37:04 info: [0mGET /search?type=user&search=emad [32m200[0m 844.649 ms - -[0m
2021-02-15 13:38:43 info: 🚀 App listening on the port 5000
2021-02-15 13:38:43 info: [0mGET /search?type=user&search=emad [32m200[0m 15.399 ms - -[0m
2021-02-15 13:38:47 info: [0mGET /search?type=user&search=emad [32m200[0m 9.767 ms - -[0m
2021-02-15 13:39:18 info: 🚀 App listening on the port 5000
2021-02-15 13:39:53 info: 🚀 App listening on the port 5000
2021-02-15 13:40:02 info: [0mGET /search?type=user&search=emad [32m200[0m 12.728 ms - -[0m
2021-02-15 13:40:07 info: [0mGET /search?type=user&search=emad [32m200[0m 6.291 ms - -[0m
2021-02-15 13:40:08 info: [0mGET /search?type=user&search=emad [32m200[0m 3.510 ms - -[0m
2021-02-15 13:40:09 info: [0mGET /search?type=user&search=emad [32m200[0m 4.057 ms - -[0m
2021-02-15 13:40:18 info: [0mGET /search?type=user&search=eelmogy [32m200[0m 15.736 ms - -[0m
2021-02-15 13:40:24 info: [0mGET /search?type=user&search=tt [32m200[0m 4.791 ms - -[0m
2021-02-15 13:40:48 info: 🚀 App listening on the port 5000
2021-02-15 15:11:19 info: 🚀 App listening on the port 5000
2021-02-15 15:12:04 info: 🚀 App listening on the port 5000
2021-02-15 15:12:05 info: [0mGET /search?type=user&search=tt [32m200[0m 14.104 ms - -[0m
2021-02-15 15:13:43 info: 🚀 App listening on the port 5000
2021-02-15 15:13:45 info: [0mGET /search?type=user&search=tt [32m200[0m 13.090 ms - -[0m
2021-02-15 15:13:57 info: 🚀 App listening on the port 5000
2021-02-15 15:13:58 info: [0mGET /search?type=user&search=tt [32m200[0m 10.432 ms - 33[0m
2021-02-15 15:14:01 info: [0mGET /search?type=user&search=tt [32m200[0m 3.343 ms - 33[0m
2021-02-15 15:14:24 info: 🚀 App listening on the port 5000
2021-02-15 15:14:28 info: [0mGET /search?type=user&search=tt [32m200[0m 868.316 ms - -[0m
2021-02-15 15:14:32 info: [0mGET /search?type=user&search=tt [32m200[0m 5.307 ms - -[0m
2021-02-15 15:14:42 info: [0mGET /search?type=user&search=eelmogy [32m200[0m 652.555 ms - 990[0m
2021-02-15 15:14:47 info: [0mGET /search?type=user&search=eelmogy [32m200[0m 9.721 ms - 989[0m
2021-02-15 15:14:50 info: [0mGET /search?type=user&search=eelmogy [32m200[0m 3.274 ms - 989[0m
2021-02-15 15:14:56 info: 🚀 App listening on the port 5000
2021-02-15 15:15:14 info: 🚀 App listening on the port 5000
2021-02-15 15:15:29 info: 🚀 App listening on the port 5000
2021-02-15 15:15:35 info: 🚀 App listening on the port 5000
2021-02-15 15:15:39 info: 🚀 App listening on the port 5000
2021-02-15 15:15:41 info: 🚀 App listening on the port 5000
2021-02-15 15:15:46 info: 🚀 App listening on the port 5000
2021-02-15 15:15:46 info: [0mGET /search?type=user&search=eelmogy [32m200[0m 8.459 ms - 960[0m
2021-02-15 15:15:51 info: [0mGET /search?type=user&search=eelmogy [32m200[0m 2.880 ms - 960[0m
2021-02-15 15:15:51 info: [0mGET /search?type=user&search=eelmogy [32m200[0m 3.735 ms - 960[0m
2021-02-15 15:16:01 info: [0mGET /search?type=repo&search=user [32m200[0m 1844.628 ms - -[0m
2021-02-15 15:16:06 info: [0mGET /search?type=repo&search=user [32m200[0m 20.097 ms - -[0m
2021-02-15 15:16:18 info: 🚀 App listening on the port 5000
2021-02-15 15:20:22 info: 🚀 App listening on the port 5000
2021-02-15 15:21:39 info: 🚀 App listening on the port 5000
2021-02-15 15:21:41 info: 🚀 App listening on the port 5000
2021-02-15 15:21:46 info: 🚀 App listening on the port 5000
2021-02-15 15:21:48 info: [0mGET /search?type=repo&search=user [32m200[0m 4.111 ms - -[0m
2021-02-15 15:22:41 info: 🚀 App listening on the port 5000
2021-02-15 15:22:41 info: [0mGET /search?type=repo&search=user [32m200[0m 4.970 ms - -[0m
2021-02-15 15:23:20 info: 🚀 App listening on the port 5000
2021-02-15 15:23:38 info: 🚀 App listening on the port 5000
2021-02-15 15:23:48 info: 🚀 App listening on the port 5000
2021-02-15 15:24:06 info: 🚀 App listening on the port 5000
2021-02-15 15:24:41 info: 🚀 App listening on the port 5000
2021-02-15 15:25:02 info: [0mGET /search?type=repo&search=user [0m-[0m - ms - -[0m
2021-02-15 15:26:25 info: 🚀 App listening on the port 5000
2021-02-15 15:26:36 info: 🚀 App listening on the port 5000
2021-02-15 15:26:37 info: 🚀 App listening on the port 5000
2021-02-15 15:26:45 error: StatusCode : 500, Message : Cannot read property 'data' of undefined
2021-02-15 15:26:45 info: [0mGET /search?type=repo&search=user [31m500[0m 18.986 ms - 54[0m
2021-02-15 15:27:09 info: 🚀 App listening on the port 5000
2021-02-15 15:27:11 error: StatusCode : 500, Message : Cannot read property 'data' of undefined
2021-02-15 15:27:11 info: [0mGET /search?type=repo&search=user [31m500[0m 21.956 ms - 54[0m
2021-02-15 15:27:42 info: 🚀 App listening on the port 5000
2021-02-15 15:27:44 info: 🚀 App listening on the port 5000
2021-02-15 15:27:46 info: [0mGET /search?type=repo&search=user [32m200[0m 76.036 ms - -[0m
2021-02-15 15:27:56 info: [0mGET /search?type=repo&search=user [32m200[0m 57.395 ms - -[0m
2021-02-15 15:27:58 info: [0mGET /search?type=repo&search=user [32m200[0m 54.373 ms - -[0m
2021-02-15 15:28:06 info: [0mGET /search?type=user&search=eelmogy [32m200[0m 3.250 ms - 960[0m
2021-02-15 15:28:11 info: [0mGET /search?type=user&search=eelmogy [32m200[0m 3.109 ms - 960[0m
2021-02-15 15:28:19 info: [0mGET /search?type=user&search=anis-bouch [32m200[0m 745.408 ms - 996[0m
2021-02-15 15:28:24 info: [0mGET /search?type=user&search=anis-bouch [32m200[0m 7.118 ms - 996[0m
2021-02-15 15:28:50 info: [0mGET /search?type=user&search=anis-bouch [32m200[0m 7.297 ms - 996[0m
2021-02-15 15:28:51 info: [0mGET /search?type=user&search=anis-bouch [32m200[0m 3.627 ms - 996[0m
2021-02-15 15:29:12 info: 🚀 App listening on the port 5000
2021-02-15 15:29:20 info: 🚀 App listening on the port 5000
2021-02-15 15:31:28 info: 🚀 App listening on the port 5000
2021-02-15 15:32:50 info: 🚀 App listening on the port 5000
2021-02-15 15:32:55 info: 🚀 App listening on the port 5000
2021-02-15 15:33:01 info: 🚀 App listening on the port 5000
2021-02-15 15:33:27 info: [0mGET /search/clear-cache [32m201[0m 5.433 ms - 29[0m
2021-02-15 15:33:33 info: [0mGET /search?type=user&search=anis-bouch [32m200[0m 815.733 ms - 996[0m
2021-02-15 15:33:35 info: [0mGET /search?type=user&search=anis-bouch [32m200[0m 2.654 ms - 996[0m
2021-02-15 15:33:37 info: [0mGET /search/clear-cache [32m201[0m 0.644 ms - 29[0m
2021-02-15 15:33:41 info: [0mGET /search?type=user&search=anis-bouch [32m200[0m 756.615 ms - 996[0m
2021-02-15 15:33:51 info: 🚀 App listening on the port 5000
2021-02-15 15:34:04 info: 🚀 App listening on the port 5000
2021-02-15 15:34:14 info: 🚀 App listening on the port 5000
2021-02-15 15:34:24 info: 🚀 App listening on the port 5000
2021-02-15 15:34:28 info: 🚀 App listening on the port 5000
2021-02-15 15:39:07 info: 🚀 App listening on the port 5000
2021-02-15 15:39:09 info: 🚀 App listening on the port 5000
2021-02-15 15:39:14 info: 🚀 App listening on the port 5000
2021-02-15 15:39:21 info: [0mGET /search?type=user&search=anis-bouch [32m200[0m 7.066 ms - 996[0m
2021-02-15 15:39:24 info: [0mGET /search/clear-cache [32m201[0m 1.180 ms - 29[0m
2021-02-15 15:39:27 info: [0mGET /search?type=user&search=anis-bouch [32m200[0m 677.826 ms - 996[0m
2021-02-15 15:39:28 info: [0mGET /search?type=user&search=anis-bouch [32m200[0m 2.762 ms - 996[0m
2021-02-15 15:39:30 info: [0mGET /search/clear-cache [32m201[0m 0.857 ms - 29[0m
2021-02-15 15:39:47 info: 🚀 App listening on the port 5000
2021-02-15 15:43:20 info: [0mGET /search/clear-cache [32m201[0m 4.654 ms - 29[0m
2021-02-15 15:43:27 info: [0mGET /search?type=user&search=eelmogy [32m200[0m 691.991 ms - 960[0m
2021-02-15 15:43:28 info: [0mGET /search?type=user&search=eelmogy [32m200[0m 2.767 ms - 960[0m
2021-02-15 15:43:42 info: [0mGET /api-docs [36m301[0m 3.860 ms - 183[0m
2021-02-15 15:43:42 info: [0mGET /api-docs/ [32m200[0m 4.368 ms - -[0m
2021-02-15 15:43:42 info: [0mGET /api-docs/swagger-ui.css [32m200[0m 3.595 ms - -[0m
2021-02-15 15:43:42 info: [0mGET /api-docs/swagger-ui-init.js [32m200[0m 0.818 ms - -[0m
2021-02-15 15:43:42 info: [0mGET /api-docs/swagger-ui-standalone-preset.js [32m200[0m 4.545 ms - -[0m
2021-02-15 15:43:42 info: [0mGET /api-docs/swagger-ui-bundle.js [32m200[0m 3.839 ms - -[0m
2021-02-15 15:43:42 info: [0mGET /api-docs/favicon-32x32.png [32m200[0m 1.285 ms - 628[0m
2021-02-15 15:44:53 info: 🚀 App listening on the port 5000
2021-02-15 15:44:55 info: [0mGET /api-docs/ [36m304[0m 5.457 ms - -[0m
2021-02-15 15:44:55 info: [0mGET /api-docs/swagger-ui.css [36m304[0m 1.533 ms - -[0m
2021-02-15 15:44:55 info: [0mGET /api-docs/swagger-ui-bundle.js [36m304[0m 1.455 ms - -[0m
2021-02-15 15:44:55 info: [0mGET /api-docs/swagger-ui-standalone-preset.js [36m304[0m 2.190 ms - -[0m
2021-02-15 15:44:55 info: [0mGET /api-docs/swagger-ui-init.js [32m200[0m 3.787 ms - -[0m
2021-02-15 15:44:55 info: [0mGET /api-docs/favicon-32x32.png [32m200[0m 1.944 ms - 628[0m
2021-02-15 15:45:18 info: [0mGET /search?type=user&search={search} [32m200[0m 827.155 ms - 55[0m
2021-02-15 15:46:50 info: [0mGET /api-docs/ [36m304[0m 0.859 ms - -[0m
2021-02-15 15:46:50 info: [0mGET /api-docs/swagger-ui.css [36m304[0m 0.933 ms - -[0m
2021-02-15 15:46:50 info: [0mGET /api-docs/swagger-ui-bundle.js [36m304[0m 0.954 ms - -[0m
2021-02-15 15:46:50 info: [0mGET /api-docs/swagger-ui-standalone-preset.js [36m304[0m 1.182 ms - -[0m
2021-02-15 15:46:50 info: [0mGET /api-docs/swagger-ui-init.js [36m304[0m 0.436 ms - -[0m
2021-02-15 15:46:50 info: [0mGET /api-docs/favicon-32x32.png [36m304[0m 0.445 ms - -[0m
2021-02-15 15:46:58 info: [0mGET /api-docs/ [36m304[0m 0.705 ms - -[0m
2021-02-15 15:46:58 info: [0mGET /api-docs/swagger-ui.css [36m304[0m 0.632 ms - -[0m
2021-02-15 15:46:58 info: [0mGET /api-docs/swagger-ui-bundle.js [36m304[0m 2.024 ms - -[0m
2021-02-15 15:46:58 info: [0mGET /api-docs/swagger-ui-init.js [36m304[0m 0.756 ms - -[0m
2021-02-15 15:46:58 info: [0mGET /api-docs/swagger-ui-standalone-preset.js [36m304[0m 4.840 ms - -[0m
2021-02-15 15:47:07 info: 🚀 App listening on the port 5000
2021-02-15 15:47:09 info: [0mGET /api-docs/ [36m304[0m 6.684 ms - -[0m
2021-02-15 15:47:09 info: [0mGET /api-docs/swagger-ui.css [36m304[0m 1.802 ms - -[0m
2021-02-15 15:47:09 info: [0mGET /api-docs/swagger-ui-bundle.js [36m304[0m 1.636 ms - -[0m
2021-02-15 15:47:09 info: [0mGET /api-docs/swagger-ui-standalone-preset.js [36m304[0m 2.116 ms - -[0m
2021-02-15 15:47:09 info: [0mGET /api-docs/swagger-ui-init.js [32m200[0m 4.621 ms - -[0m
2021-02-15 15:47:09 info: [0mGET /api-docs/favicon-32x32.png [36m304[0m 0.547 ms - -[0m
2021-02-15 15:47:19 info: [0mGET /search?type=user&search=eelmogy [32m200[0m 3.365 ms - 960[0m
2021-02-15 15:49:24 info: 🚀 App listening on the port 5000
2021-02-15 15:49:27 info: [0mGET /api-docs/ [36m304[0m 6.453 ms - -[0m
2021-02-15 15:49:27 info: [0mGET /api-docs/swagger-ui.css [36m304[0m 1.984 ms - -[0m
2021-02-15 15:49:27 info: [0mGET /api-docs/swagger-ui-bundle.js [36m304[0m 2.043 ms - -[0m
2021-02-15 15:49:27 info: [0mGET /api-docs/swagger-ui-standalone-preset.js [36m304[0m 1.840 ms - -[0m
2021-02-15 15:49:27 info: [0mGET /api-docs/swagger-ui-init.js [32m200[0m 3.544 ms - -[0m
2021-02-15 15:49:33 info: [0mGET /search/clear-cache [32m201[0m 1.371 ms - 29[0m
2021-02-15 15:51:27 info: [0mGET /search?type=repo&search=eelmogy [32m200[0m 820.874 ms - 2[0m
2021-02-15 15:51:37 info: [0mGET /search?type=repo&search=user [32m200[0m 1730.007 ms - -[0m
2021-02-15 15:52:07 info: 🚀 App listening on the port 5000
2021-02-15 15:52:08 info: [0mGET /api-docs/ [36m304[0m 6.247 ms - -[0m
2021-02-15 15:52:08 info: [0mGET /api-docs/swagger-ui.css [36m304[0m 1.765 ms - -[0m
2021-02-15 15:52:08 info: [0mGET /api-docs/swagger-ui-bundle.js [36m304[0m 0.853 ms - -[0m
2021-02-15 15:52:08 info: [0mGET /api-docs/swagger-ui-standalone-preset.js [36m304[0m 0.844 ms - -[0m
2021-02-15 15:52:08 info: [0mGET /api-docs/swagger-ui-init.js [32m200[0m 3.095 ms - -[0m
2021-02-15 15:52:08 info: [0mGET /api-docs/favicon-32x32.png [32m200[0m 2.175 ms - 628[0m
2021-02-15 16:31:19 info: 🚀 App listening on the port 5000
2021-02-15 16:31:23 info: [0mGET /search?type=repo&search=user [33m404[0m 4.795 ms - 145[0m
2021-02-15 16:31:30 info: [0mGET /api/search?type=repo&search=user [33m404[0m 0.883 ms - 149[0m
2021-02-15 16:31:33 info: [0mGET /api/search?type=repo&search=user [33m404[0m 0.775 ms - 149[0m
2021-02-15 16:31:53 info: 🚀 App listening on the port 5000
2021-02-15 16:32:12 info: 🚀 App listening on the port 5000
2021-02-15 16:32:13 info: 🚀 App listening on the port 5000
2021-02-15 16:32:14 info: [0mGET /api/search?type=repo&search=user [32m200[0m 19.547 ms - -[0m
2021-02-15 16:32:18 info: [0mGET /api/search?type=repo&search=user [32m200[0m 11.247 ms - -[0m
2021-02-15 16:32:26 info: [0mGET /api/clear-cache [32m201[0m 0.887 ms - 29[0m
2021-02-15 16:32:30 info: [0mGET /api/search?type=repo&search=user [32m200[0m 1789.493 ms - -[0m
2021-02-15 16:32:31 info: [0mGET /api/search?type=repo&search=user [32m200[0m 13.040 ms - -[0m
2021-02-15 16:32:51 info: [0mGET /api-docs/ [36m304[0m 2.399 ms - -[0m
2021-02-15 16:32:51 info: [0mGET /api-docs/swagger-ui.css [36m304[0m 1.551 ms - -[0m
2021-02-15 16:32:51 info: [0mGET /api-docs/swagger-ui-bundle.js [36m304[0m 2.460 ms - -[0m
2021-02-15 16:32:51 info: [0mGET /api-docs/swagger-ui-standalone-preset.js [36m304[0m 2.564 ms - -[0m
2021-02-15 16:32:51 info: [0mGET /api-docs/swagger-ui-init.js [32m200[0m 0.809 ms - -[0m
2021-02-15 16:33:06 info: [0mGET /api/search?type=user&search=eelmogy [32m200[0m 647.897 ms - 960[0m
2021-02-15 16:33:14 info: [0mGET /api/clear-cache [32m201[0m 0.605 ms - 29[0m
2021-02-15 16:37:09 info: 🚀 App listening on the port 5000
2021-02-15 16:37:32 info: 🚀 App listening on the port 5000
2021-02-15 16:37:39 info: 🚀 App listening on the port 5000
2021-02-15 22:22:47 info: 🚀 App listening on the port 5000
2021-02-15 22:22:53 info: [0mGET /api-docs/ [36m304[0m 6.423 ms - -[0m
2021-02-15 22:22:53 info: [0mGET /api-docs/swagger-ui.css [36m304[0m 1.714 ms - -[0m
2021-02-15 22:22:53 info: [0mGET /api-docs/swagger-ui-standalone-preset.js [36m304[0m 3.899 ms - -[0m
2021-02-15 22:22:53 info: [0mGET /api-docs/swagger-ui-init.js [36m304[0m 0.466 ms - -[0m
2021-02-15 22:22:54 info: [0mGET /api-docs/swagger-ui-bundle.js [32m200[0m 5.356 ms - -[0m
2021-02-15 22:22:54 info: [0mGET /api-docs/favicon-32x32.png [32m200[0m 1.472 ms - 628[0m
2021-02-15 22:23:09 info: [0mGET /api/search?type=user&search=eelmogy [36m304[0m 1304.456 ms - -[0m
2021-02-15 22:23:23 info: [0mGET /api/clear-cache [32m200[0m 0.824 ms - 29[0m
